@(#)$CDS: LVS version 6.1.7-64b 12/16/2018 07:37 (sjfhw317) $

Command line: /cae/apps/data/cadence-2019/installs/IC617/tools.lnx86/dfII/bin/64bit/LVS -dir /filespace/a/atorgerson/ece555/cadence/LVS -l -s -t /filespace/a/atorgerson/ece555/cadence/LVS/layout /filespace/a/atorgerson/ece555/cadence/LVS/schematic
Like matching is enabled.
Net swapping is enabled.
Using terminal names as correspondence points.
Compiling Diva LVS rules...

    Net-list summary for /filespace/a/atorgerson/ece555/cadence/LVS/layout/netlist
       count
        4               nets
        0               terminals
        1               pmos
        1               nmos

    Net-list summary for /filespace/a/atorgerson/ece555/cadence/LVS/schematic/netlist
       count
        4               nets
        4               terminals
        1               pmos
        1               nmos

Devices in the rules but not in the netlist:
        cap nfet pfet nmos4 pmos4

The net-lists match.

                             layout  schematic
                                instances
        un-matched              0       0      
        rewired                 0       0      
        size errors             0       0      
        pruned                  0       0      
        active                  2       2      
        total                   2       2      

                                  nets
        un-matched              0       0      
        merged                  0       0      
        pruned                  0       0      
        active                  4       4      
        total                   4       4      

                                terminals
        un-matched              0       0      
        matched but
        different type          0       0      
        total                   0       4      


Probe files from /filespace/a/atorgerson/ece555/cadence/LVS/schematic

devbad.out:

netbad.out:

mergenet.out:

termbad.out:

prunenet.out:

prunedev.out:

audit.out:


Probe files from /filespace/a/atorgerson/ece555/cadence/LVS/layout

devbad.out:

netbad.out:

mergenet.out:

termbad.out:

prunenet.out:

prunedev.out:

audit.out:
